Scanner/app/build/outputs/mapping/release/mapping.txt
# compiler: R8
# compiler_version: 2.0.88
# min_api: 22
# pg_map_id: cf40f50
# common_typos_disable
com.example.uhf.activity.BaseTabFragmentActivity -> com.example.uhf.activity.a:
    android.app.ActionBar mActionBar -> A
    com.example.uhf.fragment.KeyDownFragment currentFragment -> q
    android.os.Handler exportDataHandler -> t
    java.lang.Runnable writeTimestampRunnable -> x
    java.lang.Runnable exportDataRunnable -> w
    boolean started -> u
    java.util.List lstTitles -> z
    java.util.List lstFrg -> y
    com.rscja.deviceapi.RFIDWithUHFA8 mReader -> r
    com.example.uhf.view.NoScrollViewPager mViewPager -> B
    android.app.ActionBar$TabListener mTabListener -> D
    com.example.uhf.fragment.UHFReadTagFragment uhfReadTagFragment -> s
    com.example.uhf.adapter.ViewPagerAdapter mViewPagerAdapter -> C
    int antPower -> v
    java.lang.String FILE_PATH -> E
    boolean access$600(com.example.uhf.activity.BaseTabFragmentActivity) -> A
    boolean access$602(com.example.uhf.activity.BaseTabFragmentActivity,boolean) -> B
    int access$700(com.example.uhf.activity.BaseTabFragmentActivity) -> C
    void addTab(int) -> D
    float div(float,float,int) -> E
    void exportData() -> F
    java.lang.CharSequence getTabTitle(int) -> G
    void getUHFTemperature() -> H
    void getUHFVersion() -> I
    void initTabs() -> J
    void initUHF() -> K
    void initViewPager() -> L
    void onTabReselected(android.app.ActionBar$Tab) -> M
    void onTabSelected(android.app.ActionBar$Tab) -> N
    void scheduleExportData() -> O
    void scheduleTimestampJob() -> P
com.example.uhf.activity.BaseTabFragmentActivity$1 -> com.example.uhf.activity.a$a:
    com.example.uhf.activity.BaseTabFragmentActivity this$0 -> b
com.example.uhf.activity.BaseTabFragmentActivity$2 -> com.example.uhf.activity.a$b:
    com.example.uhf.activity.BaseTabFragmentActivity this$0 -> b
com.example.uhf.activity.BaseTabFragmentActivity$3 -> com.example.uhf.activity.a$c:
    com.example.uhf.activity.BaseTabFragmentActivity this$0 -> a
com.example.uhf.activity.BaseTabFragmentActivity$ExcelTask -> com.example.uhf.activity.a$d:
    android.app.ProgressDialog mypDialog -> a
    com.example.uhf.activity.BaseTabFragmentActivity this$0 -> f
    boolean isSotp -> c
    java.lang.String path -> e
    android.app.Activity mContxt -> b
    java.lang.String pathRoot -> d
    java.lang.Boolean doInBackground(java.lang.String[]) -> a
    void notifySystemToScan(java.io.File) -> b
    void onPostExecute(java.lang.Boolean) -> c
    void onProgressUpdate(java.lang.Integer[]) -> d
com.example.uhf.activity.BaseTabFragmentActivity$ExcelTask$1 -> com.example.uhf.activity.a$d$a:
    com.example.uhf.activity.BaseTabFragmentActivity$ExcelTask this$1 -> b
com.example.uhf.activity.BaseTabFragmentActivity$InitTask -> com.example.uhf.activity.a$e:
    android.app.ProgressDialog mypDialog -> a
    com.example.uhf.activity.BaseTabFragmentActivity this$0 -> b
    java.lang.Boolean doInBackground(java.lang.String[]) -> a
    void onPostExecute(java.lang.Boolean) -> b
com.example.uhf.activity.UHFMainActivity -> com.example.uhf.activity.UHFMainActivity:
    boolean isBuzzer -> F
    void checkReadWritePermission() -> T
    void free() -> U
    void initViewPageData2() -> V
    void led() -> W
    void playSound() -> X
    void playSound(int) -> Y
    boolean vailHexInput(java.lang.String) -> Z
com.example.uhf.activity.UsbDeviceCallback -> com.example.uhf.activity.b:
    void onUsbDeviceConnected(java.lang.String) -> a
    void onUsbDeviceDisconnected(java.lang.String) -> b
com.example.uhf.activity.UsbReceiver -> com.example.uhf.activity.UsbReceiver:
    com.example.uhf.activity.UsbDeviceCallback usbDeviceCallback -> a
com.example.uhf.adapter.ViewPagerAdapter -> c.b.a.a.a:
    java.util.List lstFrg -> f
    java.util.List lstTitles -> g
    int getCount() -> c
    androidx.fragment.app.Fragment getItem(int) -> m
    java.lang.CharSequence getPageTitle(int) -> p
...
com.google.android.material.chip.Chip$ChipTouchHelper -> com.google.android.material.chip.Chip$c:
    com.google.android.material.chip.Chip this$0 -> q
    int getVirtualViewAt(float,float) -> B
    void getVisibleVirtualViews(java.util.List) -> C
    boolean onPerformActionForVirtualView(int,int,android.os.Bundle) -> J
    void onPopulateNodeForHost(androidx.core.view.accessibility.AccessibilityNodeInfoCompat) -> M
    void onPopulateNodeForVirtualView(int,androidx.core.view.accessibility.AccessibilityNodeInfoCompat) -> N
    void onVirtualViewKeyboardFocusChanged(int,boolean) -> O
com.google.android.material.chip.ChipDrawable -> com.google.android.material.chip.a:
    com.google.android.material.internal.TextDrawableHelper textDrawableHelper -> k0
    android.content.res.ColorStateList chipSurfaceColor -> x
    android.graphics.PointF pointF -> i0
    android.graphics.Path shapePath -> j0
    android.content.res.ColorStateList tint -> w0
    android.graphics.drawable.Drawable checkedIcon -> S
    android.content.res.ColorStateList chipStrokeColor -> B
    float textEndPadding -> Z
    android.content.Context context -> d0
    android.text.TextUtils$TruncateAt truncateAt -> C0
    int[] DEFAULT_STATE -> G0
    java.lang.CharSequence closeIconContentDescription -> P
    float chipStartPadding -> V
    com.google.android.material.animation.MotionSpec showMotionSpec -> T
    android.graphics.drawable.ShapeDrawable closeIconRippleMask -> H0
    float closeIconStartPadding -> a0
    android.content.res.ColorStateList closeIconTint -> N
    float chipEndPadding -> c0
    android.graphics.PorterDuff$Mode tintMode -> x0
    android.graphics.drawable.Drawable chipIcon -> G
    int currentChipSurfaceColor -> l0
    float chipStrokeWidth -> C
    android.content.res.ColorStateList chipBackgroundColor -> y
    boolean checkable -> Q
    int currentCompatRippleColor -> p0
    android.graphics.Paint chipPaint -> e0
    int currentCompositeSurfaceBackgroundColor -> n0
    boolean useCompatRipple -> z0
    int alpha -> t0
    float iconStartPadding -> W
com.google.android.material.chip.ChipDrawable$Delegate -> com.google.android.material.chip.a$a:
    void onChipDrawableSizeChange() -> a
com.google.android.material.chip.ChipGroup -> com.google.android.material.chip.ChipGroup:
    com.google.android.material.chip.ChipGroup$PassThroughHierarchyChangeListener passThroughListener -> j
    int checkedId -> k
    boolean protectFromCheckedChange -> l
    int chipSpacingVertical -> f
    boolean singleSelection -> g
    com.google.android.material.chip.ChipGroup$CheckedStateTracker checkedStateTracker -> i
    int chipSpacingHorizontal -> e
    com.google.android.material.chip.ChipGroup$OnCheckedChangeListener onCheckedChangeListener -> h
    boolean isSingleLine() -> b
    boolean access$300(com.google.android.material.chip.ChipGroup) -> d
    int access$400(com.google.android.material.chip.ChipGroup) -> e
    boolean access$500(com.google.android.material.chip.ChipGroup) -> f
    void access$600(com.google.android.material.chip.ChipGroup,int,boolean) -> g
    void access$700(com.google.android.material.chip.ChipGroup,int) -> h
    com.google.android.material.chip.ChipGroup$CheckedStateTracker access$800(com.google.android.material.chip.ChipGroup) -> i
    void clearCheck() -> j
    void setCheckedStateForView(int,boolean) -> k
com.google.android.material.chip.ChipGroup$1 -> com.google.android.material.chip.ChipGroup$a:
com.google.android.material.chip.ChipGroup$CheckedStateTracker -> com.google.android.material.chip.ChipGroup$b:
    com.google.android.material.chip.ChipGroup this$0 -> a
com.google.android.material.chip.ChipGroup$LayoutParams -> com.google.android.material.chip.ChipGroup$c:
com.google.android.material.chip.ChipGroup$OnCheckedChangeListener -> com.google.android.material.chip.ChipGroup$d:
    void onCheckedChanged(com.google.android.material.chip.ChipGroup,int) -> a