Scanner/app/build/outputs/mapping/release/usage.txt
com.example.uhf.R$array
com.example.uhf.BuildConfig
com.example.uhf.receiver.BootBroadcastReceiver
com.example.uhf.fragment.UHFSetFragment$MyOnTouchListener
com.example.uhf.R$xml
com.example.uhf.fragment.UHFLockFragment:
    private static final java.lang.String TAG
com.example.uhf.fragment.UHFTagAntMsgFragment$1
com.example.uhf.R$color
com.example.uhf.fragment.UHFSetFragment$6
com.example.uhf.filebrowser.FileManagerActivity$2
com.example.uhf.tools.FileTool
com.example.uhf.fragment.UHFUpgradeFragment:
    private void ss()
com.example.uhf.view.NoScrollViewPager:
    public void <init>(android.content.Context)
com.example.uhf.R$style
com.example.uhf.filebrowser.IResultData
com.example.uhf.R$id
com.example.uhf.fragment.UHFTagAntMsgFragment$TagThread
com.example.uhf.R$integer
com.example.uhf.R$string
com.example.uhf.fragment.UHFSetFragment$7
com.example.uhf.R$animator
com.example.uhf.tools.UIHelper$1
com.example.uhf.R$interpolator
com.example.uhf.R$dimen
com.example.uhf.fragment.BlockWriteFragment
com.example.uhf.R$anim
com.example.uhf.filebrowser.FileManagerActivity$1
com.example.uhf.view.LazyViewPager$SimpleOnPageChangeListener
com.example.uhf.R$raw
com.example.uhf.R$attr
com.example.uhf.BootBroadcastReceiver
com.example.uhf.AppContext
com.example.uhf.tools.StringUtils:
    public void <init>()
    public static java.lang.String replaceUrlWithPlus(java.lang.String)
    public static java.lang.Boolean isIP(java.lang.String)
    public static java.lang.Boolean isDomain(java.lang.String)
    public static java.lang.String trim(java.lang.String)
    public static int toInt(java.lang.Object)
    public static long toLong(java.lang.String)
    public static double toDouble(java.lang.String)
    public static boolean toBool(java.lang.String)
    public static java.lang.Boolean isInt(java.lang.String)
    public static java.lang.String getTimeString()
    public static java.lang.String getTimeFormat(long)
    public static boolean isHexNumber(java.lang.String)
    public static char[] HexStringToChars(java.lang.String)
com.example.uhf.fragment.UHFTagAntMsgFragment
com.example.uhf.R$drawable
com.example.uhf.fragment.KeyDownFragment:
    public void myOnKeyDwon()
com.example.uhf.tools.ExcelUtils:
    public void writeToExcel(java.lang.String[])
    public void writeToExcel(java.util.List)
com.example.uhf.R$plurals
com.example.uhf.fragment.BlockWriteFragment$2
com.example.uhf.activity.BaseTabFragmentActivity:
    public java.lang.String GetTimesyyyymmddhhmmss()
    private static final java.lang.String TAG
    private static final long EXPORT_DATA_INTERVAL
    private static final long TIMESTAMP_INTERVAL
com.example.uhf.filebrowser.FileManagerActivity:
    public void fileOptMenu(java.io.File)
com.example.uhf.fragment.UHFReadFragment:
    public void myOnKeyDwon()
com.example.uhf.fragment.BlockWriteFragment$1
com.example.uhf.fragment.UHFKillFragment:
    private static final java.lang.String TAG
com.example.uhf.R$bool
com.example.uhf.filebrowser.IconifiedTextListAdapter:
    public void addItem(com.example.uhf.filebrowser.IconifiedText)
    public boolean areAllItemsSelectable()
    public boolean isSelectable(int)
com.example.uhf.activity.UHFMainActivity:
    private androidx.fragment.app.FragmentTabHost mTabHost
    private androidx.fragment.app.FragmentManager fm
    private static final java.lang.String TAG
com.example.uhf.R$layout
com.example.uhf.tools.UIHelper:
    public void <init>()
    public static void alert(android.app.Activity,int,int,int)
com.example.uhf.fragment.UHFKillFragment$CustomTextWatcher:
    private static final java.lang.String TAG
com.example.uhf.fragment.UHFWriteFragment:
    private static final java.lang.String TAG
com.example.uhf.tools.NumberTool:
    public void <init>()
    public static double getPointDouble(int,int)
    public static double getPointDouble(int,long)
    public static double getPointDouble(int,java.lang.String)
com.example.uhf.R
...
androidx.coordinatorlayout.widget.CoordinatorLayout$DispatchChangeEvent
com.rscja.team.qcom.barcode.symbol.b
androidx.recyclerview.widget.PagerSnapHelper
com.rscja.team.mtk.DeviceConfiguration_mtk$DeviceInfo:
    public java.lang.String getUart()
com.rscja.team.qcom.c.h
com.rscja.team.qcom.a.e.g$a
androidx.core.database.sqlite.SQLiteCursorCompat
androidx.fragment.app.ListFragment$2
android.support.v4.media.MediaBrowserCompat$CustomActionCallback:
    public void <init>()
androidx.legacy.v4.R$dimen
androidx.appcompat.app.AppCompatDialogFragment
androidx.core.view.WindowInsetsCompat$BuilderImpl:
    void setSystemGestureInsets(androidx.core.graphics.Insets)
    void setMandatorySystemGestureInsets(androidx.core.graphics.Insets)
    void setTappableElementInsets(androidx.core.graphics.Insets)
    void setDisplayCutout(androidx.core.view.DisplayCutoutCompat)
com.lidroid.xutils.db.sqlite.CursorUtils$FindCacheSequence
androidx.core.net.TrafficStatsCompat
com.rscja.team.qcom.r1.b.a:
    public boolean init(byte)
    public boolean free(byte)
    public byte[] reset(byte)
    public byte[] transferCmd(byte,byte[])
com.dawn.decoderapijni.ScanCamera
com.google.android.material.internal.ContextUtils
com.google.android.material.floatingactionbutton.FloatingActionButtonImplLollipop$AlwaysStatefulMaterialShapeDrawable
com.google.android.material.tabs.TabLayout$TabView
androidx.activity.ImmLeaksCleaner:
    private static final int NOT_INITIALIAZED
    private static final int INIT_SUCCESS
    private static final int INIT_FAILED
androidx.appcompat.widget.ScrollingTabContainerView$TabView:
    private static final java.lang.String ACCESSIBILITY_CLASS_NAME
androidx.core.app.NotificationCompat$Action$Extender
com.google.android.material.bottomsheet.BottomSheetDialogFragment$BottomSheetDismissCallback
com.google.android.material.circularreveal.CircularRevealHelper$Strategy
com.google.android.material.appbar.CollapsingToolbarLayout$OffsetUpdateListener
android.support.v4.media.MediaMetadataCompat$BitmapKey
com.google.android.material.bottomnavigation.LabelVisibilityMode
com.dawn.decoderapijni.ScanCamera2$2
com.google.android.material.resources.TextAppearance:
    private static final java.lang.String TAG
    private static final int TYPEFACE_SANS
    private static final int TYPEFACE_SERIF
    private static final int TYPEFACE_MONOSPACE
android.support.v4.media.session.MediaControllerCompat$Callback:
    public void onSessionReady()
    public void onCaptioningEnabledChanged(boolean)
    public void onRepeatModeChanged(int)
    public void onShuffleModeChanged(int)
    public android.support.v4.media.session.IMediaControllerCallback getIControllerCallback()
    void setHandler(android.os.Handler)
androidx.swiperefreshlayout.widget.SwipeRefreshLayout$OnChildScrollUpCallback
com.google.android.material.tabs.TabLayout$SlidingTabIndicator
androidx.appcompat.view.menu.BaseMenuPresenter:
    public boolean flagActionItems()
    public int getId()
androidx.annotation.ColorLong
com.google.android.material.snackbar.Snackbar$SnackbarLayout:
    public void <init>(android.content.Context)
android.support.v4.media.session.MediaControllerCompat$TransportControlsApi24
androidx.transition.Slide$2
androidx.appcompat.widget.FitWindowsFrameLayout:
    public void <init>(android.content.Context)
com.aqibmalik.usb_path.R$interpolator
com.idata.scanner.decoder.DecodeReader$DecodeCallback
com.lidroid.xutils.view.annotation.event.OnTabChange
androidx.appcompat.widget.SwitchCompat
androidx.appcompat.view.StandaloneActionMode:
    public void onCloseMenu(androidx.appcompat.view.menu.MenuBuilder,boolean)
    public boolean onSubMenuSelected(androidx.appcompat.view.menu.SubMenuBuilder)
    public void onCloseSubMenu(androidx.appcompat.view.menu.SubMenuBuilder)
    public boolean isUiFocusable()
androidx.transition.GhostViewUtils
androidx.core.os.MessageCompat
com.google.android.material.tabs.TabLayout$TabView$1